<?xml version="1.0" encoding="UTF-8"?>
<!-- Generated by org.testng.reporters.JUnitReportReporter -->
<testsuite hostname="SURESHKRISHNAN" name="com.freecrm.qa.tests.LoginPageTest" tests="1" failures="0" timestamp="9 Mar 2018 03:49:58 GMT" time="25.202" errors="0">
  <testcase name="LoginApplicationTest" time="25.202" classname="com.freecrm.qa.tests.LoginPageTest"/>
</testsuite> <!-- com.freecrm.qa.tests.LoginPageTest -->
